<?xml version="1.0" encoding="UTF-8"?>
<testng-results ignored="0" total="0" passed="0" failed="0" skipped="0">
  <reporter-output>
  </reporter-output>
  <suite started-at="2025-01-24T16:09:36 IST" name="Suite" finished-at="2025-01-24T16:09:41 IST" duration-ms="5005">
    <groups>
    </groups>
    <test started-at="2025-01-24T16:09:36 IST" name="Test1" finished-at="2025-01-24T16:09:38 IST" duration-ms="2622">
      <class name="com.capture.ITestListnerclass">
        <test-method is-config="true" signature="setup()[pri:0, instance:com.capture.ITestListnerclass@544fa968]" started-at="2025-01-24T16:09:36 IST" name="setup" finished-at="2025-01-24T16:09:38 IST" duration-ms="2401" status="PASS">
          <reporter-output>
          </reporter-output>
        </test-method> <!-- setup -->
        <test-method is-config="true" signature="teardown()[pri:0, instance:com.capture.ITestListnerclass@544fa968]" started-at="2025-01-24T16:09:38 IST" name="teardown" finished-at="2025-01-24T16:09:38 IST" duration-ms="183" status="PASS">
          <reporter-output>
          </reporter-output>
        </test-method> <!-- teardown -->
      </class> <!-- com.capture.ITestListnerclass -->
    </test> <!-- Test1 -->
    <test started-at="2025-01-24T16:09:38 IST" name="Test2" finished-at="2025-01-24T16:09:39 IST" duration-ms="1203">
      <class name="com.capture.ITestListnerclass">
        <test-method is-config="true" signature="setup()[pri:0, instance:com.capture.ITestListnerclass@10aa41f2]" started-at="2025-01-24T16:09:38 IST" name="setup" finished-at="2025-01-24T16:09:39 IST" duration-ms="1017" status="PASS">
          <reporter-output>
          </reporter-output>
        </test-method> <!-- setup -->
        <test-method is-config="true" signature="teardown()[pri:0, instance:com.capture.ITestListnerclass@10aa41f2]" started-at="2025-01-24T16:09:39 IST" name="teardown" finished-at="2025-01-24T16:09:39 IST" duration-ms="185" status="PASS">
          <reporter-output>
          </reporter-output>
        </test-method> <!-- teardown -->
      </class> <!-- com.capture.ITestListnerclass -->
    </test> <!-- Test2 -->
    <test started-at="2025-01-24T16:09:40 IST" name="Test3" finished-at="2025-01-24T16:09:41 IST" duration-ms="1150">
      <class name="com.capture.ITestListnerclass">
        <test-method is-config="true" signature="setup()[pri:0, instance:com.capture.ITestListnerclass@37271612]" started-at="2025-01-24T16:09:40 IST" name="setup" finished-at="2025-01-24T16:09:40 IST" duration-ms="971" status="PASS">
          <reporter-output>
          </reporter-output>
        </test-method> <!-- setup -->
        <test-method is-config="true" signature="teardown()[pri:0, instance:com.capture.ITestListnerclass@37271612]" started-at="2025-01-24T16:09:40 IST" name="teardown" finished-at="2025-01-24T16:09:41 IST" duration-ms="177" status="PASS">
          <reporter-output>
          </reporter-output>
        </test-method> <!-- teardown -->
      </class> <!-- com.capture.ITestListnerclass -->
    </test> <!-- Test3 -->
  </suite> <!-- Suite -->
</testng-results>
