<?xml version="1.0" encoding="UTF-8"?>
<!-- Generated by org.testng.reporters.JUnitReportReporter -->
<testsuite hostname="LAPTOP-JHUU6SOO" failures="0" tests="3" name="com.sai.Priorandignore" time="0.021" errors="0" timestamp="2025-01-22T07:58:39 IST" skipped="1">
  <testcase classname="com.sai.Priorandignore" name="Ramya" time="0.019"/>
  <testcase classname="com.sai.Priorandignore" name="search" time="0.002"/>
  <testcase classname="com.sai.Priorandignore" name="chandu">
    <skipped/>
  </testcase> <!-- chandu -->
</testsuite> <!-- com.sai.Priorandignore -->
