<?xml version="1.0" encoding="UTF-8"?>
<!-- Generated by org.testng.reporters.JUnitReportReporter -->
<testsuite hostname="LAPTOP-JHUU6SOO" failures="0" tests="3" name="com.grup.NewTest" time="0.021" errors="0" timestamp="2025-01-22T16:28:53 IST" skipped="0">
  <testcase classname="com.grup.NewTest" name="test3" time="0.002"/>
  <testcase classname="com.grup.NewTest" name="test2" time="0.002"/>
  <testcase classname="com.grup.NewTest" name="test1" time="0.017"/>
</testsuite> <!-- com.grup.NewTest -->
