<?xml version="1.0" encoding="UTF-8"?>
<!-- Generated by org.testng.reporters.JUnitReportReporter -->
<testsuite hostname="LAPTOP-JHUU6SOO" failures="0" tests="3" name="com.grup.Depends" time="0.012" errors="0" timestamp="2025-01-22T15:41:21 IST" skipped="0">
  <testcase classname="com.grup.Depends" name="tracking" time="0.002"/>
  <testcase classname="com.grup.Depends" name="cancel" time="0.001"/>
  <testcase classname="com.grup.Depends" name="createtrack" time="0.009"/>
</testsuite> <!-- com.grup.Depends -->
